<?xml version="1.0" encoding="UTF-8"?>
<testsuite xmlns:xsi="http://www.w3.org/2001/XMLSchema-instance" xsi:noNamespaceSchemaLocation="https://maven.apache.org/surefire/maven-surefire-plugin/xsd/surefire-test-report-3.0.xsd" version="3.0" name="com.leumit.runners.WebTestRunner" time="4.232" tests="1" errors="0" skipped="0" failures="0">
  <properties>
    <property name="java.specification.version" value="23"/>
    <property name="sun.jnu.encoding" value="UTF-8"/>
    <property name="java.class.path" value="/Users/user/IdeaProjects/LeumitOnline/target/test-classes:/Users/user/IdeaProjects/LeumitOnline/target/classes:/Users/user/.m2/repository/com/microsoft/playwright/playwright/1.40.0/playwright-1.40.0.jar:/Users/user/.m2/repository/com/google/code/gson/gson/2.8.9/gson-2.8.9.jar:/Users/user/.m2/repository/org/opentest4j/opentest4j/1.2.0/opentest4j-1.2.0.jar:/Users/user/.m2/repository/com/microsoft/playwright/driver/1.40.0/driver-1.40.0.jar:/Users/user/.m2/repository/com/microsoft/playwright/driver-bundle/1.40.0/driver-bundle-1.40.0.jar:/Users/user/.m2/repository/io/appium/java-client/9.0.0/java-client-9.0.0.jar:/Users/user/.m2/repository/org/seleniumhq/selenium/selenium-api/4.32.0/selenium-api-4.32.0.jar:/Users/user/.m2/repository/org/jspecify/jspecify/1.0.0/jspecify-1.0.0.jar:/Users/user/.m2/repository/org/seleniumhq/selenium/selenium-remote-driver/4.32.0/selenium-remote-driver-4.32.0.jar:/Users/user/.m2/repository/com/google/auto/service/auto-service-annotations/1.1.1/auto-service-annotations-1.1.1.jar:/Users/user/.m2/repository/com/google/guava/guava/33.4.8-jre/guava-33.4.8-jre.jar:/Users/user/.m2/repository/com/google/guava/failureaccess/1.0.3/failureaccess-1.0.3.jar:/Users/user/.m2/repository/com/google/guava/listenablefuture/9999.0-empty-to-avoid-conflict-with-guava/listenablefuture-9999.0-empty-to-avoid-conflict-with-guava.jar:/Users/user/.m2/repository/com/google/errorprone/error_prone_annotations/2.36.0/error_prone_annotations-2.36.0.jar:/Users/user/.m2/repository/com/google/j2objc/j2objc-annotations/3.0.0/j2objc-annotations-3.0.0.jar:/Users/user/.m2/repository/io/opentelemetry/opentelemetry-api/1.49.0/opentelemetry-api-1.49.0.jar:/Users/user/.m2/repository/io/opentelemetry/opentelemetry-context/1.49.0/opentelemetry-context-1.49.0.jar:/Users/user/.m2/repository/io/opentelemetry/opentelemetry-exporter-logging/1.49.0/opentelemetry-exporter-logging-1.49.0.jar:/Users/user/.m2/repository/io/opentelemetry/opentelemetry-sdk-common/1.49.0/opentelemetry-sdk-common-1.49.0.jar:/Users/user/.m2/repository/io/opentelemetry/opentelemetry-sdk-extension-autoconfigure-spi/1.49.0/opentelemetry-sdk-extension-autoconfigure-spi-1.49.0.jar:/Users/user/.m2/repository/io/opentelemetry/opentelemetry-sdk-extension-autoconfigure/1.49.0/opentelemetry-sdk-extension-autoconfigure-1.49.0.jar:/Users/user/.m2/repository/io/opentelemetry/opentelemetry-sdk-trace/1.49.0/opentelemetry-sdk-trace-1.49.0.jar:/Users/user/.m2/repository/io/opentelemetry/opentelemetry-sdk/1.49.0/opentelemetry-sdk-1.49.0.jar:/Users/user/.m2/repository/io/opentelemetry/opentelemetry-sdk-metrics/1.49.0/opentelemetry-sdk-metrics-1.49.0.jar:/Users/user/.m2/repository/io/opentelemetry/opentelemetry-sdk-logs/1.49.0/opentelemetry-sdk-logs-1.49.0.jar:/Users/user/.m2/repository/net/bytebuddy/byte-buddy/1.17.5/byte-buddy-1.17.5.jar:/Users/user/.m2/repository/org/seleniumhq/selenium/selenium-http/4.32.0/selenium-http-4.32.0.jar:/Users/user/.m2/repository/org/seleniumhq/selenium/selenium-json/4.32.0/selenium-json-4.32.0.jar:/Users/user/.m2/repository/org/seleniumhq/selenium/selenium-manager/4.32.0/selenium-manager-4.32.0.jar:/Users/user/.m2/repository/org/seleniumhq/selenium/selenium-os/4.32.0/selenium-os-4.32.0.jar:/Users/user/.m2/repository/org/apache/commons/commons-exec/1.4.0/commons-exec-1.4.0.jar:/Users/user/.m2/repository/org/seleniumhq/selenium/selenium-support/4.32.0/selenium-support-4.32.0.jar:/Users/user/.m2/repository/org/testng/testng/7.8.0/testng-7.8.0.jar:/Users/user/.m2/repository/com/beust/jcommander/1.82/jcommander-1.82.jar:/Users/user/.m2/repository/org/webjars/jquery/3.6.1/jquery-3.6.1.jar:/Users/user/.m2/repository/io/cucumber/cucumber-java/7.14.0/cucumber-java-7.14.0.jar:/Users/user/.m2/repository/io/cucumber/cucumber-core/7.14.0/cucumber-core-7.14.0.jar:/Users/user/.m2/repository/io/cucumber/cucumber-gherkin/7.14.0/cucumber-gherkin-7.14.0.jar:/Users/user/.m2/repository/io/cucumber/cucumber-gherkin-messages/7.14.0/cucumber-gherkin-messages-7.14.0.jar:/Users/user/.m2/repository/io/cucumber/gherkin/26.2.0/gherkin-26.2.0.jar:/Users/user/.m2/repository/io/cucumber/messages/22.0.0/messages-22.0.0.jar:/Users/user/.m2/repository/io/cucumber/tag-expressions/5.0.6/tag-expressions-5.0.6.jar:/Users/user/.m2/repository/io/cucumber/cucumber-expressions/16.1.2/cucumber-expressions-16.1.2.jar:/Users/user/.m2/repository/io/cucumber/datatable/7.14.0/datatable-7.14.0.jar:/Users/user/.m2/repository/io/cucumber/cucumber-plugin/7.14.0/cucumber-plugin-7.14.0.jar:/Users/user/.m2/repository/io/cucumber/docstring/7.14.0/docstring-7.14.0.jar:/Users/user/.m2/repository/io/cucumber/html-formatter/20.4.0/html-formatter-20.4.0.jar:/Users/user/.m2/repository/io/cucumber/junit-xml-formatter/0.2.0/junit-xml-formatter-0.2.0.jar:/Users/user/.m2/repository/io/cucumber/ci-environment/9.2.0/ci-environment-9.2.0.jar:/Users/user/.m2/repository/org/apiguardian/apiguardian-api/1.1.2/apiguardian-api-1.1.2.jar:/Users/user/.m2/repository/io/cucumber/cucumber-testng/7.14.0/cucumber-testng-7.14.0.jar:/Users/user/.m2/repository/io/cucumber/cucumber-picocontainer/7.14.0/cucumber-picocontainer-7.14.0.jar:/Users/user/.m2/repository/org/picocontainer/picocontainer/2.15/picocontainer-2.15.jar:/Users/user/.m2/repository/com/aventstack/extentreports/5.1.1/extentreports-5.1.1.jar:/Users/user/.m2/repository/io/reactivex/rxjava3/rxjava/3.1.6/rxjava-3.1.6.jar:/Users/user/.m2/repository/org/reactivestreams/reactive-streams/1.0.4/reactive-streams-1.0.4.jar:/Users/user/.m2/repository/org/freemarker/freemarker/2.3.32/freemarker-2.3.32.jar:/Users/user/.m2/repository/org/projectlombok/lombok/1.18.26/lombok-1.18.26.jar:/Users/user/.m2/repository/org/apache/logging/log4j/log4j-api/2.22.0/log4j-api-2.22.0.jar:/Users/user/.m2/repository/org/apache/logging/log4j/log4j-core/2.22.0/log4j-core-2.22.0.jar:/Users/user/.m2/repository/org/apache/logging/log4j/log4j-slf4j2-impl/2.22.0/log4j-slf4j2-impl-2.22.0.jar:/Users/user/.m2/repository/org/slf4j/slf4j-api/2.0.9/slf4j-api-2.0.9.jar:/Users/user/.m2/repository/org/apache/commons/commons-lang3/3.14.0/commons-lang3-3.14.0.jar:/Users/user/.m2/repository/commons-io/commons-io/2.15.1/commons-io-2.15.1.jar:"/>
    <property name="java.vm.vendor" value="Homebrew"/>
    <property name="sun.arch.data.model" value="64"/>
    <property name="java.vendor.url" value="https://github.com/Homebrew/homebrew-core/issues"/>
    <property name="user.timezone" value="Asia/Jerusalem"/>
    <property name="os.name" value="Mac OS X"/>
    <property name="java.vm.specification.version" value="23"/>
    <property name="sun.java.launcher" value="SUN_STANDARD"/>
    <property name="user.country" value="IL"/>
    <property name="sun.boot.library.path" value="/opt/homebrew/Cellar/openjdk/23.0.2/libexec/openjdk.jdk/Contents/Home/lib"/>
    <property name="sun.java.command" value="/Users/user/IdeaProjects/LeumitOnline/target/surefire/surefirebooter-20250504154534641_3.jar /Users/user/IdeaProjects/LeumitOnline/target/surefire 2025-05-04T15-45-34_610-jvmRun1 surefire-20250504154534641_1tmp surefire_0-20250504154534641_2tmp"/>
    <property name="http.nonProxyHosts" value="local|*.local|169.254/16|*.169.254/16"/>
    <property name="jdk.debug" value="release"/>
    <property name="test" value="WebTestRunner"/>
    <property name="surefire.test.class.path" value="/Users/user/IdeaProjects/LeumitOnline/target/test-classes:/Users/user/IdeaProjects/LeumitOnline/target/classes:/Users/user/.m2/repository/com/microsoft/playwright/playwright/1.40.0/playwright-1.40.0.jar:/Users/user/.m2/repository/com/google/code/gson/gson/2.8.9/gson-2.8.9.jar:/Users/user/.m2/repository/org/opentest4j/opentest4j/1.2.0/opentest4j-1.2.0.jar:/Users/user/.m2/repository/com/microsoft/playwright/driver/1.40.0/driver-1.40.0.jar:/Users/user/.m2/repository/com/microsoft/playwright/driver-bundle/1.40.0/driver-bundle-1.40.0.jar:/Users/user/.m2/repository/io/appium/java-client/9.0.0/java-client-9.0.0.jar:/Users/user/.m2/repository/org/seleniumhq/selenium/selenium-api/4.32.0/selenium-api-4.32.0.jar:/Users/user/.m2/repository/org/jspecify/jspecify/1.0.0/jspecify-1.0.0.jar:/Users/user/.m2/repository/org/seleniumhq/selenium/selenium-remote-driver/4.32.0/selenium-remote-driver-4.32.0.jar:/Users/user/.m2/repository/com/google/auto/service/auto-service-annotations/1.1.1/auto-service-annotations-1.1.1.jar:/Users/user/.m2/repository/com/google/guava/guava/33.4.8-jre/guava-33.4.8-jre.jar:/Users/user/.m2/repository/com/google/guava/failureaccess/1.0.3/failureaccess-1.0.3.jar:/Users/user/.m2/repository/com/google/guava/listenablefuture/9999.0-empty-to-avoid-conflict-with-guava/listenablefuture-9999.0-empty-to-avoid-conflict-with-guava.jar:/Users/user/.m2/repository/com/google/errorprone/error_prone_annotations/2.36.0/error_prone_annotations-2.36.0.jar:/Users/user/.m2/repository/com/google/j2objc/j2objc-annotations/3.0.0/j2objc-annotations-3.0.0.jar:/Users/user/.m2/repository/io/opentelemetry/opentelemetry-api/1.49.0/opentelemetry-api-1.49.0.jar:/Users/user/.m2/repository/io/opentelemetry/opentelemetry-context/1.49.0/opentelemetry-context-1.49.0.jar:/Users/user/.m2/repository/io/opentelemetry/opentelemetry-exporter-logging/1.49.0/opentelemetry-exporter-logging-1.49.0.jar:/Users/user/.m2/repository/io/opentelemetry/opentelemetry-sdk-common/1.49.0/opentelemetry-sdk-common-1.49.0.jar:/Users/user/.m2/repository/io/opentelemetry/opentelemetry-sdk-extension-autoconfigure-spi/1.49.0/opentelemetry-sdk-extension-autoconfigure-spi-1.49.0.jar:/Users/user/.m2/repository/io/opentelemetry/opentelemetry-sdk-extension-autoconfigure/1.49.0/opentelemetry-sdk-extension-autoconfigure-1.49.0.jar:/Users/user/.m2/repository/io/opentelemetry/opentelemetry-sdk-trace/1.49.0/opentelemetry-sdk-trace-1.49.0.jar:/Users/user/.m2/repository/io/opentelemetry/opentelemetry-sdk/1.49.0/opentelemetry-sdk-1.49.0.jar:/Users/user/.m2/repository/io/opentelemetry/opentelemetry-sdk-metrics/1.49.0/opentelemetry-sdk-metrics-1.49.0.jar:/Users/user/.m2/repository/io/opentelemetry/opentelemetry-sdk-logs/1.49.0/opentelemetry-sdk-logs-1.49.0.jar:/Users/user/.m2/repository/net/bytebuddy/byte-buddy/1.17.5/byte-buddy-1.17.5.jar:/Users/user/.m2/repository/org/seleniumhq/selenium/selenium-http/4.32.0/selenium-http-4.32.0.jar:/Users/user/.m2/repository/org/seleniumhq/selenium/selenium-json/4.32.0/selenium-json-4.32.0.jar:/Users/user/.m2/repository/org/seleniumhq/selenium/selenium-manager/4.32.0/selenium-manager-4.32.0.jar:/Users/user/.m2/repository/org/seleniumhq/selenium/selenium-os/4.32.0/selenium-os-4.32.0.jar:/Users/user/.m2/repository/org/apache/commons/commons-exec/1.4.0/commons-exec-1.4.0.jar:/Users/user/.m2/repository/org/seleniumhq/selenium/selenium-support/4.32.0/selenium-support-4.32.0.jar:/Users/user/.m2/repository/org/testng/testng/7.8.0/testng-7.8.0.jar:/Users/user/.m2/repository/com/beust/jcommander/1.82/jcommander-1.82.jar:/Users/user/.m2/repository/org/webjars/jquery/3.6.1/jquery-3.6.1.jar:/Users/user/.m2/repository/io/cucumber/cucumber-java/7.14.0/cucumber-java-7.14.0.jar:/Users/user/.m2/repository/io/cucumber/cucumber-core/7.14.0/cucumber-core-7.14.0.jar:/Users/user/.m2/repository/io/cucumber/cucumber-gherkin/7.14.0/cucumber-gherkin-7.14.0.jar:/Users/user/.m2/repository/io/cucumber/cucumber-gherkin-messages/7.14.0/cucumber-gherkin-messages-7.14.0.jar:/Users/user/.m2/repository/io/cucumber/gherkin/26.2.0/gherkin-26.2.0.jar:/Users/user/.m2/repository/io/cucumber/messages/22.0.0/messages-22.0.0.jar:/Users/user/.m2/repository/io/cucumber/tag-expressions/5.0.6/tag-expressions-5.0.6.jar:/Users/user/.m2/repository/io/cucumber/cucumber-expressions/16.1.2/cucumber-expressions-16.1.2.jar:/Users/user/.m2/repository/io/cucumber/datatable/7.14.0/datatable-7.14.0.jar:/Users/user/.m2/repository/io/cucumber/cucumber-plugin/7.14.0/cucumber-plugin-7.14.0.jar:/Users/user/.m2/repository/io/cucumber/docstring/7.14.0/docstring-7.14.0.jar:/Users/user/.m2/repository/io/cucumber/html-formatter/20.4.0/html-formatter-20.4.0.jar:/Users/user/.m2/repository/io/cucumber/junit-xml-formatter/0.2.0/junit-xml-formatter-0.2.0.jar:/Users/user/.m2/repository/io/cucumber/ci-environment/9.2.0/ci-environment-9.2.0.jar:/Users/user/.m2/repository/org/apiguardian/apiguardian-api/1.1.2/apiguardian-api-1.1.2.jar:/Users/user/.m2/repository/io/cucumber/cucumber-testng/7.14.0/cucumber-testng-7.14.0.jar:/Users/user/.m2/repository/io/cucumber/cucumber-picocontainer/7.14.0/cucumber-picocontainer-7.14.0.jar:/Users/user/.m2/repository/org/picocontainer/picocontainer/2.15/picocontainer-2.15.jar:/Users/user/.m2/repository/com/aventstack/extentreports/5.1.1/extentreports-5.1.1.jar:/Users/user/.m2/repository/io/reactivex/rxjava3/rxjava/3.1.6/rxjava-3.1.6.jar:/Users/user/.m2/repository/org/reactivestreams/reactive-streams/1.0.4/reactive-streams-1.0.4.jar:/Users/user/.m2/repository/org/freemarker/freemarker/2.3.32/freemarker-2.3.32.jar:/Users/user/.m2/repository/org/projectlombok/lombok/1.18.26/lombok-1.18.26.jar:/Users/user/.m2/repository/org/apache/logging/log4j/log4j-api/2.22.0/log4j-api-2.22.0.jar:/Users/user/.m2/repository/org/apache/logging/log4j/log4j-core/2.22.0/log4j-core-2.22.0.jar:/Users/user/.m2/repository/org/apache/logging/log4j/log4j-slf4j2-impl/2.22.0/log4j-slf4j2-impl-2.22.0.jar:/Users/user/.m2/repository/org/slf4j/slf4j-api/2.0.9/slf4j-api-2.0.9.jar:/Users/user/.m2/repository/org/apache/commons/commons-lang3/3.14.0/commons-lang3-3.14.0.jar:/Users/user/.m2/repository/commons-io/commons-io/2.15.1/commons-io-2.15.1.jar:"/>
    <property name="sun.cpu.endian" value="little"/>
    <property name="user.home" value="/Users/user"/>
    <property name="user.language" value="en"/>
    <property name="java.specification.vendor" value="Oracle Corporation"/>
    <property name="java.version.date" value="2025-01-21"/>
    <property name="java.home" value="/opt/homebrew/Cellar/openjdk/23.0.2/libexec/openjdk.jdk/Contents/Home"/>
    <property name="file.separator" value="/"/>
    <property name="basedir" value="/Users/user/IdeaProjects/LeumitOnline"/>
    <property name="java.vm.compressedOopsMode" value="Zero based"/>
    <property name="line.separator" value="&#10;"/>
    <property name="java.vm.specification.vendor" value="Oracle Corporation"/>
    <property name="java.specification.name" value="Java Platform API Specification"/>
    <property name="apple.awt.application.name" value="ForkedBooter"/>
    <property name="surefire.real.class.path" value="/Users/user/IdeaProjects/LeumitOnline/target/surefire/surefirebooter-20250504154534641_3.jar"/>
    <property name="sun.management.compiler" value="HotSpot 64-Bit Tiered Compilers"/>
    <property name="ftp.nonProxyHosts" value="local|*.local|169.254/16|*.169.254/16"/>
    <property name="java.runtime.version" value="23.0.2"/>
    <property name="user.name" value="user"/>
    <property name="stdout.encoding" value="UTF-8"/>
    <property name="path.separator" value=":"/>
    <property name="os.version" value="15.4.1"/>
    <property name="java.runtime.name" value="OpenJDK Runtime Environment"/>
    <property name="file.encoding" value="UTF-8"/>
    <property name="java.vm.name" value="OpenJDK 64-Bit Server VM"/>
    <property name="java.vendor.version" value="Homebrew"/>
    <property name="localRepository" value="/Users/user/.m2/repository"/>
    <property name="java.vendor.url.bug" value="https://github.com/Homebrew/homebrew-core/issues"/>
    <property name="java.io.tmpdir" value="/var/folders/l4/v7lntp957kb_p978csj0qfj40000gn/T/"/>
    <property name="java.version" value="23.0.2"/>
    <property name="cucumber.filter.tags" value="@performance"/>
    <property name="user.dir" value="/Users/user/IdeaProjects/LeumitOnline"/>
    <property name="os.arch" value="aarch64"/>
    <property name="java.vm.specification.name" value="Java Virtual Machine Specification"/>
    <property name="native.encoding" value="UTF-8"/>
    <property name="java.library.path" value="/Users/user/Library/Java/Extensions:/Library/Java/Extensions:/Network/Library/Java/Extensions:/System/Library/Java/Extensions:/usr/lib/java:."/>
    <property name="java.vm.info" value="mixed mode, sharing"/>
    <property name="stderr.encoding" value="UTF-8"/>
    <property name="java.vendor" value="Homebrew"/>
    <property name="java.vm.version" value="23.0.2"/>
    <property name="sun.io.unicode.encoding" value="UnicodeBig"/>
    <property name="socksNonProxyHosts" value="local|*.local|169.254/16|*.169.254/16"/>
    <property name="java.class.version" value="67.0"/>
  </properties>
  <testcase name="runScenario[&quot;Performance testing&quot;, &quot;Basic Web Server Tests&quot;](1)" classname="com.leumit.runners.WebTestRunner" time="3.655">
    <system-out><![CDATA[15:45:35.171 [TestNG-test=Surefire test-1] INFO  com.leumit.hooks.TestHooks - ExtentReports initialized with report: target/extent-reports/cucumber_report_20250504_154535.html

@web @performance
Scenario: Performance testing                                # src/test/resources/features/web/basic_web_server_tests.feature:4
15:45:35.218 [TestNG-PoolService-0] INFO  com.leumit.config.ConfigManager - Loaded properties from: src/test/resources/config/config.properties
15:45:35.218 [TestNG-PoolService-0] INFO  com.leumit.hooks.TestHooks - Feature path from scenario: file:///Users/user/IdeaProjects/LeumitOnline/src/test/resources/features/web/basic_web_server_tests.feature
15:45:35.218 [TestNG-PoolService-0] INFO  com.leumit.hooks.TestHooks - Extracted fileName: basic_web_server_tests.feature
15:45:35.218 [TestNG-PoolService-0] INFO  com.leumit.hooks.TestHooks - After removing .feature: basic_web_server_tests
15:45:35.219 [TestNG-PoolService-0] INFO  com.leumit.hooks.TestHooks - Formatted feature name: Basic Web Server Tests
15:45:35.220 [TestNG-PoolService-0] INFO  com.leumit.hooks.TestHooks - Starting web scenario: Performance testing
15:45:35.221 [TestNG-PoolService-0] INFO  com.leumit.steps.WebSteps - Opening URL: https://leumit.co.il/
15:45:36.236 [TestNG-PoolService-0] INFO  com.leumit.drivers.DriverManager - Created new Playwright instance for thread: 38
15:45:36.240 [TestNG-PoolService-0] INFO  com.leumit.drivers.DriverFactory - Creating chrome browser, headless: false
15:45:36.654 [TestNG-PoolService-0] INFO  com.leumit.drivers.DriverManager - Created new Browser for thread: 38
15:45:36.835 [TestNG-PoolService-0] INFO  com.leumit.drivers.DriverFactory - Created Playwright page with timeout: 30000ms
15:45:36.835 [TestNG-PoolService-0] INFO  com.leumit.drivers.DriverManager - Created new Playwright Page for thread: 38
15:45:36.835 [TestNG-PoolService-0] INFO  com.leumit.pages.web.LeumitHomePage - Opening Leumit home page: https://leumit.co.il/
15:45:36.835 [TestNG-PoolService-0] INFO  com.leumit.pages.web.BasePageWeb - Navigating to URL: https://leumit.co.il/
  Given I open the URL "https://leumit.co.il/"               # com.leumit.steps.WebSteps.iOpenTheURL(java.lang.String)
15:45:38.757 [TestNG-PoolService-0] INFO  com.leumit.steps.WebSteps - Actual page title: אתר לאומית שירותי בריאות | קופת חולים לאומית
15:45:38.760 [TestNG-PoolService-0] INFO  com.leumit.utils.AssertUtils - Page title contains expected text: לאומית
  Then The page title should contain "לאומית"                # com.leumit.steps.WebSteps.thePageTitleShouldContain(java.lang.String)
15:45:38.760 [TestNG-PoolService-0] INFO  com.leumit.pages.web.LeumitHomePage - Measuring page load time
15:45:38.763 [TestNG-PoolService-0] INFO  com.leumit.steps.WebSteps - Page load time: 1888 ms
15:45:38.764 [TestNG-PoolService-0] INFO  com.leumit.utils.AssertUtils - Page loaded in less than 10000 milliseconds (actual: 1888 ms)
  And The page should load in less than "10000" milliseconds # com.leumit.steps.WebSteps.thePageShouldLoadInLessThanMilliseconds(java.lang.String)
15:45:38.785 [TestNG-PoolService-0] INFO  com.leumit.drivers.DriverManager - Closed Page for thread: 38
15:45:38.840 [TestNG-PoolService-0] INFO  com.leumit.drivers.DriverManager - Closed Browser for thread: 38
15:45:38.841 [TestNG-PoolService-0] INFO  com.leumit.hooks.TestHooks - Web scenario completed with status: PASSED
]]></system-out>
  </testcase>
</testsuite>