<?xml version="1.0" encoding="UTF-8"?>
<!-- Generated by org.testng.reporters.JUnitReportReporter -->
<testsuite hostname="AmichaiPro.local" failures="0" tests="5" name="com.leumit.runners.WebTestRunner" time="34.618" errors="0" timestamp="2025-05-04T14:33:14 IDT" skipped="0">
  <testcase classname="com.leumit.runners.WebTestRunner" name="runScenario" time="4.174"/>
  <testcase classname="com.leumit.runners.WebTestRunner" name="runScenario" time="9.381"/>
  <testcase classname="com.leumit.runners.WebTestRunner" name="runScenario" time="4.310"/>
  <testcase classname="com.leumit.runners.WebTestRunner" name="runScenario" time="10.639"/>
  <testcase classname="com.leumit.runners.WebTestRunner" name="runScenario" time="6.114"/>
</testsuite> <!-- com.leumit.runners.WebTestRunner -->
