<?xml version="1.0" encoding="UTF-8"?>
<!-- Generated by org.testng.reporters.JUnitReportReporter -->
<testsuite hostname="AmichaiPro.local" failures="0" tests="1" name="com.leumit.runners.WebTestRunner" time="3.656" errors="0" timestamp="2025-05-04T15:45:38 IDT" skipped="0">
  <testcase classname="com.leumit.runners.WebTestRunner" name="runScenario" time="3.656"/>
</testsuite> <!-- com.leumit.runners.WebTestRunner -->
